{"C:\\Users\\David Cheng\\Documents\\Git testing\\COSC4353-Fuel-Project\\backend_express\\server.js": {"path":"C:\\Users\\David Cheng\\Documents\\Git testing\\COSC4353-Fuel-Project\\backend_express\\server.js","statementMap":{"0":{"start":{"line":1,"column":14},"end":{"line":1,"column":31}},"1":{"start":{"line":2,"column":16},"end":{"line":2,"column":34}},"2":{"start":{"line":3,"column":16},"end":{"line":3,"column":42}},"3":{"start":{"line":4,"column":13},"end":{"line":4,"column":28}},"4":{"start":{"line":5,"column":13},"end":{"line":5,"column":28}},"5":{"start":{"line":6,"column":13},"end":{"line":6,"column":17}},"6":{"start":{"line":7,"column":18},"end":{"line":7,"column":43}},"7":{"start":{"line":9,"column":11},"end":{"line":9,"column":24}},"8":{"start":{"line":10,"column":10},"end":{"line":10,"column":25}},"9":{"start":{"line":11,"column":15},"end":{"line":11,"column":48}},"10":{"start":{"line":12,"column":15},"end":{"line":12,"column":35}},"11":{"start":{"line":14,"column":19},"end":{"line":19,"column":2}},"12":{"start":{"line":21,"column":12},"end":{"line":21,"column":21}},"13":{"start":{"line":22,"column":0},"end":{"line":22,"column":16}},"14":{"start":{"line":24,"column":0},"end":{"line":29,"column":4}},"15":{"start":{"line":30,"column":0},"end":{"line":30,"column":24}},"16":{"start":{"line":31,"column":0},"end":{"line":31,"column":48}},"17":{"start":{"line":32,"column":0},"end":{"line":32,"column":56}},"18":{"start":{"line":36,"column":0},"end":{"line":39,"column":3}},"19":{"start":{"line":38,"column":1},"end":{"line":38,"column":52}},"20":{"start":{"line":41,"column":0},"end":{"line":49,"column":2}},"21":{"start":{"line":42,"column":19},"end":{"line":42,"column":43}},"22":{"start":{"line":43,"column":16},"end":{"line":43,"column":21}},"23":{"start":{"line":44,"column":4},"end":{"line":46,"column":5}},"24":{"start":{"line":45,"column":8},"end":{"line":45,"column":21}},"25":{"start":{"line":48,"column":4},"end":{"line":48,"column":36}},"26":{"start":{"line":51,"column":0},"end":{"line":91,"column":3}},"27":{"start":{"line":52,"column":16},"end":{"line":52,"column":37}},"28":{"start":{"line":53,"column":16},"end":{"line":53,"column":37}},"29":{"start":{"line":54,"column":21},"end":{"line":54,"column":26}},"30":{"start":{"line":56,"column":1},"end":{"line":90,"column":2}},"31":{"start":{"line":57,"column":2},"end":{"line":89,"column":5}},"32":{"start":{"line":58,"column":3},"end":{"line":58,"column":25}},"33":{"start":{"line":58,"column":13},"end":{"line":58,"column":25}},"34":{"start":{"line":60,"column":3},"end":{"line":87,"column":4}},"35":{"start":{"line":61,"column":4},"end":{"line":63,"column":19}},"36":{"start":{"line":64,"column":4},"end":{"line":64,"column":48}},"37":{"start":{"line":66,"column":17},"end":{"line":87,"column":4}},"38":{"start":{"line":67,"column":16},"end":{"line":69,"column":19}},"39":{"start":{"line":70,"column":4},"end":{"line":70,"column":60}},"40":{"start":{"line":73,"column":4},"end":{"line":86,"column":5}},"41":{"start":{"line":75,"column":5},"end":{"line":75,"column":132}},"42":{"start":{"line":76,"column":5},"end":{"line":76,"column":23}},"43":{"start":{"line":77,"column":20},"end":{"line":80,"column":23}},"44":{"start":{"line":81,"column":5},"end":{"line":81,"column":47}},"45":{"start":{"line":84,"column":5},"end":{"line":84,"column":22}},"46":{"start":{"line":85,"column":5},"end":{"line":85,"column":47}},"47":{"start":{"line":88,"column":3},"end":{"line":88,"column":18}},"48":{"start":{"line":93,"column":0},"end":{"line":154,"column":3}},"49":{"start":{"line":98,"column":16},"end":{"line":98,"column":37}},"50":{"start":{"line":99,"column":16},"end":{"line":99,"column":37}},"51":{"start":{"line":104,"column":1},"end":{"line":153,"column":2}},"52":{"start":{"line":105,"column":8},"end":{"line":105,"column":67}},"53":{"start":{"line":107,"column":2},"end":{"line":146,"column":5}},"54":{"start":{"line":109,"column":3},"end":{"line":109,"column":26}},"55":{"start":{"line":109,"column":14},"end":{"line":109,"column":26}},"56":{"start":{"line":111,"column":12},"end":{"line":116,"column":13}},"57":{"start":{"line":112,"column":16},"end":{"line":112,"column":68}},"58":{"start":{"line":113,"column":16},"end":{"line":115,"column":19}},"59":{"start":{"line":117,"column":3},"end":{"line":144,"column":4}},"60":{"start":{"line":120,"column":4},"end":{"line":120,"column":36}},"61":{"start":{"line":121,"column":4},"end":{"line":121,"column":40}},"62":{"start":{"line":122,"column":16},"end":{"line":122,"column":49}},"63":{"start":{"line":123,"column":16},"end":{"line":123,"column":40}},"64":{"start":{"line":125,"column":16},"end":{"line":130,"column":19}},"65":{"start":{"line":131,"column":16},"end":{"line":131,"column":55}},"66":{"start":{"line":132,"column":16},"end":{"line":132,"column":74}},"67":{"start":{"line":134,"column":16},"end":{"line":134,"column":31}},"68":{"start":{"line":140,"column":4},"end":{"line":142,"column":19}},"69":{"start":{"line":143,"column":4},"end":{"line":143,"column":65}},"70":{"start":{"line":145,"column":3},"end":{"line":145,"column":18}},"71":{"start":{"line":148,"column":2},"end":{"line":150,"column":11}},"72":{"start":{"line":151,"column":8},"end":{"line":151,"column":69}},"73":{"start":{"line":152,"column":2},"end":{"line":152,"column":17}},"74":{"start":{"line":156,"column":0},"end":{"line":169,"column":3}},"75":{"start":{"line":157,"column":4},"end":{"line":157,"column":37}},"76":{"start":{"line":158,"column":14},"end":{"line":158,"column":31}},"77":{"start":{"line":159,"column":16},"end":{"line":159,"column":40}},"78":{"start":{"line":160,"column":4},"end":{"line":160,"column":29}},"79":{"start":{"line":161,"column":4},"end":{"line":164,"column":6}},"80":{"start":{"line":165,"column":4},"end":{"line":165,"column":53}},"81":{"start":{"line":168,"column":4},"end":{"line":168,"column":19}},"82":{"start":{"line":171,"column":0},"end":{"line":189,"column":2}},"83":{"start":{"line":172,"column":19},"end":{"line":172,"column":43}},"84":{"start":{"line":173,"column":4},"end":{"line":188,"column":2}},"85":{"start":{"line":174,"column":8},"end":{"line":174,"column":84}},"86":{"start":{"line":175,"column":8},"end":{"line":182,"column":11}},"87":{"start":{"line":176,"column":12},"end":{"line":176,"column":31}},"88":{"start":{"line":176,"column":21},"end":{"line":176,"column":31}},"89":{"start":{"line":179,"column":12},"end":{"line":179,"column":30}},"90":{"start":{"line":180,"column":12},"end":{"line":180,"column":32}},"91":{"start":{"line":181,"column":12},"end":{"line":181,"column":30}},"92":{"start":{"line":184,"column":8},"end":{"line":186,"column":10}},"93":{"start":{"line":187,"column":2},"end":{"line":187,"column":49}},"94":{"start":{"line":191,"column":0},"end":{"line":236,"column":3}},"95":{"start":{"line":196,"column":19},"end":{"line":196,"column":43}},"96":{"start":{"line":197,"column":16},"end":{"line":197,"column":33}},"97":{"start":{"line":198,"column":15},"end":{"line":198,"column":35}},"98":{"start":{"line":199,"column":16},"end":{"line":199,"column":37}},"99":{"start":{"line":200,"column":12},"end":{"line":200,"column":29}},"100":{"start":{"line":201,"column":13},"end":{"line":201,"column":31}},"101":{"start":{"line":202,"column":15},"end":{"line":202,"column":35}},"102":{"start":{"line":204,"column":16},"end":{"line":204,"column":40}},"103":{"start":{"line":205,"column":20},"end":{"line":205,"column":25}},"104":{"start":{"line":207,"column":1},"end":{"line":234,"column":2}},"105":{"start":{"line":208,"column":2},"end":{"line":228,"column":3}},"106":{"start":{"line":209,"column":3},"end":{"line":214,"column":14}},"107":{"start":{"line":216,"column":12},"end":{"line":216,"column":29}},"108":{"start":{"line":217,"column":12},"end":{"line":217,"column":32}},"109":{"start":{"line":218,"column":12},"end":{"line":222,"column":15}},"110":{"start":{"line":223,"column":3},"end":{"line":223,"column":37}},"111":{"start":{"line":226,"column":3},"end":{"line":226,"column":20}},"112":{"start":{"line":227,"column":3},"end":{"line":227,"column":45}},"113":{"start":{"line":230,"column":8},"end":{"line":232,"column":10}},"114":{"start":{"line":233,"column":2},"end":{"line":233,"column":49}},"115":{"start":{"line":235,"column":1},"end":{"line":235,"column":16}},"116":{"start":{"line":238,"column":0},"end":{"line":300,"column":2}},"117":{"start":{"line":239,"column":23},"end":{"line":239,"column":43}},"118":{"start":{"line":240,"column":21},"end":{"line":240,"column":24}},"119":{"start":{"line":244,"column":18},"end":{"line":244,"column":21}},"120":{"start":{"line":246,"column":16},"end":{"line":246,"column":40}},"121":{"start":{"line":247,"column":20},"end":{"line":247,"column":25}},"122":{"start":{"line":249,"column":4},"end":{"line":298,"column":2}},"123":{"start":{"line":250,"column":2},"end":{"line":292,"column":3}},"124":{"start":{"line":251,"column":12},"end":{"line":259,"column":13}},"125":{"start":{"line":253,"column":16},"end":{"line":253,"column":32}},"126":{"start":{"line":257,"column":16},"end":{"line":257,"column":29}},"127":{"start":{"line":260,"column":12},"end":{"line":265,"column":13}},"128":{"start":{"line":261,"column":16},"end":{"line":261,"column":31}},"129":{"start":{"line":263,"column":17},"end":{"line":265,"column":13}},"130":{"start":{"line":264,"column":16},"end":{"line":264,"column":31}},"131":{"start":{"line":267,"column":12},"end":{"line":272,"column":13}},"132":{"start":{"line":268,"column":16},"end":{"line":268,"column":31}},"133":{"start":{"line":271,"column":16},"end":{"line":271,"column":31}},"134":{"start":{"line":273,"column":25},"end":{"line":273,"column":81}},"135":{"start":{"line":274,"column":25},"end":{"line":274,"column":44}},"136":{"start":{"line":275,"column":28},"end":{"line":275,"column":62}},"137":{"start":{"line":277,"column":12},"end":{"line":277,"column":35}},"138":{"start":{"line":279,"column":12},"end":{"line":279,"column":29}},"139":{"start":{"line":280,"column":12},"end":{"line":286,"column":15}},"140":{"start":{"line":287,"column":3},"end":{"line":287,"column":37}},"141":{"start":{"line":290,"column":3},"end":{"line":290,"column":20}},"142":{"start":{"line":291,"column":3},"end":{"line":291,"column":50}},"143":{"start":{"line":294,"column":8},"end":{"line":296,"column":10}},"144":{"start":{"line":297,"column":2},"end":{"line":297,"column":49}},"145":{"start":{"line":299,"column":1},"end":{"line":299,"column":16}},"146":{"start":{"line":371,"column":23},"end":{"line":371,"column":29}},"147":{"start":{"line":372,"column":21},"end":{"line":372,"column":24}},"148":{"start":{"line":374,"column":18},"end":{"line":374,"column":23}},"149":{"start":{"line":375,"column":19},"end":{"line":375,"column":26}},"150":{"start":{"line":376,"column":18},"end":{"line":376,"column":21}},"151":{"start":{"line":377,"column":19},"end":{"line":377,"column":22}},"152":{"start":{"line":378,"column":4},"end":{"line":385,"column":5}},"153":{"start":{"line":379,"column":8},"end":{"line":379,"column":24}},"154":{"start":{"line":380,"column":8},"end":{"line":380,"column":30}},"155":{"start":{"line":383,"column":8},"end":{"line":383,"column":21}},"156":{"start":{"line":384,"column":8},"end":{"line":384,"column":30}},"157":{"start":{"line":386,"column":4},"end":{"line":391,"column":5}},"158":{"start":{"line":387,"column":8},"end":{"line":387,"column":23}},"159":{"start":{"line":390,"column":8},"end":{"line":390,"column":23}},"160":{"start":{"line":392,"column":4},"end":{"line":397,"column":5}},"161":{"start":{"line":393,"column":8},"end":{"line":393,"column":23}},"162":{"start":{"line":396,"column":8},"end":{"line":396,"column":23}},"163":{"start":{"line":398,"column":20},"end":{"line":398,"column":108}},"164":{"start":{"line":399,"column":4},"end":{"line":399,"column":21}},"165":{"start":{"line":401,"column":0},"end":{"line":401,"column":26}},"166":{"start":{"line":404,"column":4},"end":{"line":409,"column":5}},"167":{"start":{"line":405,"column":8},"end":{"line":405,"column":36}},"168":{"start":{"line":408,"column":8},"end":{"line":408,"column":40}},"169":{"start":{"line":412,"column":0},"end":{"line":412,"column":26}},"170":{"start":{"line":413,"column":0},"end":{"line":505,"column":2}},"171":{"start":{"line":414,"column":4},"end":{"line":414,"column":49}},"172":{"start":{"line":415,"column":23},"end":{"line":415,"column":43}},"173":{"start":{"line":416,"column":20},"end":{"line":416,"column":37}},"174":{"start":{"line":417,"column":21},"end":{"line":417,"column":24}},"175":{"start":{"line":421,"column":18},"end":{"line":421,"column":21}},"176":{"start":{"line":445,"column":16},"end":{"line":445,"column":40}},"177":{"start":{"line":446,"column":20},"end":{"line":446,"column":25}},"178":{"start":{"line":448,"column":4},"end":{"line":503,"column":2}},"179":{"start":{"line":449,"column":2},"end":{"line":497,"column":3}},"180":{"start":{"line":450,"column":12},"end":{"line":459,"column":13}},"181":{"start":{"line":451,"column":16},"end":{"line":451,"column":32}},"182":{"start":{"line":452,"column":16},"end":{"line":452,"column":38}},"183":{"start":{"line":453,"column":16},"end":{"line":453,"column":54}},"184":{"start":{"line":456,"column":16},"end":{"line":456,"column":29}},"185":{"start":{"line":457,"column":16},"end":{"line":457,"column":38}},"186":{"start":{"line":458,"column":16},"end":{"line":458,"column":54}},"187":{"start":{"line":460,"column":12},"end":{"line":465,"column":13}},"188":{"start":{"line":461,"column":16},"end":{"line":461,"column":31}},"189":{"start":{"line":463,"column":17},"end":{"line":465,"column":13}},"190":{"start":{"line":464,"column":16},"end":{"line":464,"column":31}},"191":{"start":{"line":467,"column":12},"end":{"line":472,"column":13}},"192":{"start":{"line":468,"column":16},"end":{"line":468,"column":31}},"193":{"start":{"line":471,"column":16},"end":{"line":471,"column":31}},"194":{"start":{"line":473,"column":25},"end":{"line":473,"column":81}},"195":{"start":{"line":474,"column":25},"end":{"line":474,"column":44}},"196":{"start":{"line":475,"column":28},"end":{"line":475,"column":62}},"197":{"start":{"line":477,"column":12},"end":{"line":477,"column":35}},"198":{"start":{"line":479,"column":12},"end":{"line":483,"column":14}},"199":{"start":{"line":485,"column":12},"end":{"line":485,"column":29}},"200":{"start":{"line":486,"column":12},"end":{"line":491,"column":15}},"201":{"start":{"line":492,"column":3},"end":{"line":492,"column":38}},"202":{"start":{"line":495,"column":3},"end":{"line":495,"column":20}},"203":{"start":{"line":496,"column":3},"end":{"line":496,"column":51}},"204":{"start":{"line":499,"column":8},"end":{"line":501,"column":10}},"205":{"start":{"line":502,"column":2},"end":{"line":502,"column":49}},"206":{"start":{"line":504,"column":1},"end":{"line":504,"column":16}},"207":{"start":{"line":507,"column":0},"end":{"line":522,"column":2}},"208":{"start":{"line":508,"column":19},"end":{"line":508,"column":43}},"209":{"start":{"line":509,"column":4},"end":{"line":514,"column":7}},"210":{"start":{"line":510,"column":8},"end":{"line":510,"column":27}},"211":{"start":{"line":510,"column":17},"end":{"line":510,"column":27}},"212":{"start":{"line":511,"column":8},"end":{"line":511,"column":31}},"213":{"start":{"line":512,"column":8},"end":{"line":512,"column":29}},"214":{"start":{"line":513,"column":8},"end":{"line":513,"column":29}},"215":{"start":{"line":524,"column":0},"end":{"line":524,"column":72}},"216":{"start":{"line":524,"column":24},"end":{"line":524,"column":69}}},"fnMap":{"0":{"name":"(anonymous_0)","decl":{"start":{"line":36,"column":13},"end":{"line":36,"column":14}},"loc":{"start":{"line":36,"column":41},"end":{"line":39,"column":1}},"line":36},"1":{"name":"(anonymous_1)","decl":{"start":{"line":41,"column":24},"end":{"line":41,"column":25}},"loc":{"start":{"line":41,"column":47},"end":{"line":49,"column":1}},"line":41},"2":{"name":"(anonymous_2)","decl":{"start":{"line":51,"column":22},"end":{"line":51,"column":23}},"loc":{"start":{"line":51,"column":49},"end":{"line":91,"column":1}},"line":51},"3":{"name":"(anonymous_3)","decl":{"start":{"line":57,"column":83},"end":{"line":57,"column":84}},"loc":{"start":{"line":57,"column":116},"end":{"line":89,"column":3}},"line":57},"4":{"name":"(anonymous_4)","decl":{"start":{"line":93,"column":18},"end":{"line":93,"column":19}},"loc":{"start":{"line":93,"column":46},"end":{"line":154,"column":1}},"line":93},"5":{"name":"(anonymous_5)","decl":{"start":{"line":107,"column":123},"end":{"line":107,"column":124}},"loc":{"start":{"line":107,"column":156},"end":{"line":146,"column":3}},"line":107},"6":{"name":"(anonymous_6)","decl":{"start":{"line":156,"column":20},"end":{"line":156,"column":21}},"loc":{"start":{"line":156,"column":54},"end":{"line":169,"column":1}},"line":156},"7":{"name":"(anonymous_7)","decl":{"start":{"line":171,"column":24},"end":{"line":171,"column":25}},"loc":{"start":{"line":171,"column":52},"end":{"line":189,"column":1}},"line":171},"8":{"name":"(anonymous_8)","decl":{"start":{"line":175,"column":209},"end":{"line":175,"column":210}},"loc":{"start":{"line":175,"column":227},"end":{"line":182,"column":9}},"line":175},"9":{"name":"(anonymous_9)","decl":{"start":{"line":191,"column":21},"end":{"line":191,"column":22}},"loc":{"start":{"line":191,"column":49},"end":{"line":236,"column":1}},"line":191},"10":{"name":"(anonymous_10)","decl":{"start":{"line":238,"column":31},"end":{"line":238,"column":32}},"loc":{"start":{"line":238,"column":54},"end":{"line":300,"column":1}},"line":238},"11":{"name":"costtest","decl":{"start":{"line":370,"column":9},"end":{"line":370,"column":17}},"loc":{"start":{"line":370,"column":47},"end":{"line":400,"column":1}},"line":370},"12":{"name":"testprof","decl":{"start":{"line":403,"column":9},"end":{"line":403,"column":17}},"loc":{"start":{"line":403,"column":20},"end":{"line":410,"column":1}},"line":403},"13":{"name":"(anonymous_13)","decl":{"start":{"line":413,"column":29},"end":{"line":413,"column":30}},"loc":{"start":{"line":413,"column":52},"end":{"line":505,"column":1}},"line":413},"14":{"name":"(anonymous_14)","decl":{"start":{"line":507,"column":26},"end":{"line":507,"column":27}},"loc":{"start":{"line":507,"column":49},"end":{"line":522,"column":1}},"line":507},"15":{"name":"(anonymous_15)","decl":{"start":{"line":509,"column":244},"end":{"line":509,"column":245}},"loc":{"start":{"line":509,"column":262},"end":{"line":514,"column":5}},"line":509},"16":{"name":"(anonymous_16)","decl":{"start":{"line":524,"column":17},"end":{"line":524,"column":18}},"loc":{"start":{"line":524,"column":23},"end":{"line":524,"column":70}},"line":524}},"branchMap":{"0":{"loc":{"start":{"line":44,"column":4},"end":{"line":46,"column":5}},"type":"if","locations":[{"start":{"line":44,"column":4},"end":{"line":46,"column":5}},{"start":{},"end":{}}],"line":44},"1":{"loc":{"start":{"line":56,"column":1},"end":{"line":90,"column":2}},"type":"if","locations":[{"start":{"line":56,"column":1},"end":{"line":90,"column":2}},{"start":{},"end":{}}],"line":56},"2":{"loc":{"start":{"line":56,"column":4},"end":{"line":56,"column":24}},"type":"binary-expr","locations":[{"start":{"line":56,"column":4},"end":{"line":56,"column":12}},{"start":{"line":56,"column":16},"end":{"line":56,"column":24}}],"line":56},"3":{"loc":{"start":{"line":58,"column":3},"end":{"line":58,"column":25}},"type":"if","locations":[{"start":{"line":58,"column":3},"end":{"line":58,"column":25}},{"start":{},"end":{}}],"line":58},"4":{"loc":{"start":{"line":60,"column":3},"end":{"line":87,"column":4}},"type":"if","locations":[{"start":{"line":60,"column":3},"end":{"line":87,"column":4}},{"start":{"line":66,"column":17},"end":{"line":87,"column":4}}],"line":60},"5":{"loc":{"start":{"line":66,"column":17},"end":{"line":87,"column":4}},"type":"if","locations":[{"start":{"line":66,"column":17},"end":{"line":87,"column":4}},{"start":{"line":72,"column":17},"end":{"line":87,"column":4}}],"line":66},"6":{"loc":{"start":{"line":104,"column":1},"end":{"line":153,"column":2}},"type":"if","locations":[{"start":{"line":104,"column":1},"end":{"line":153,"column":2}},{"start":{"line":147,"column":8},"end":{"line":153,"column":2}}],"line":104},"7":{"loc":{"start":{"line":104,"column":5},"end":{"line":104,"column":25}},"type":"binary-expr","locations":[{"start":{"line":104,"column":5},"end":{"line":104,"column":13}},{"start":{"line":104,"column":17},"end":{"line":104,"column":25}}],"line":104},"8":{"loc":{"start":{"line":109,"column":3},"end":{"line":109,"column":26}},"type":"if","locations":[{"start":{"line":109,"column":3},"end":{"line":109,"column":26}},{"start":{},"end":{}}],"line":109},"9":{"loc":{"start":{"line":111,"column":12},"end":{"line":116,"column":13}},"type":"if","locations":[{"start":{"line":111,"column":12},"end":{"line":116,"column":13}},{"start":{},"end":{}}],"line":111},"10":{"loc":{"start":{"line":117,"column":3},"end":{"line":144,"column":4}},"type":"if","locations":[{"start":{"line":117,"column":3},"end":{"line":144,"column":4}},{"start":{"line":139,"column":17},"end":{"line":144,"column":4}}],"line":117},"11":{"loc":{"start":{"line":173,"column":4},"end":{"line":188,"column":2}},"type":"if","locations":[{"start":{"line":173,"column":4},"end":{"line":188,"column":2}},{"start":{"line":183,"column":11},"end":{"line":188,"column":2}}],"line":173},"12":{"loc":{"start":{"line":176,"column":12},"end":{"line":176,"column":31}},"type":"if","locations":[{"start":{"line":176,"column":12},"end":{"line":176,"column":31}},{"start":{},"end":{}}],"line":176},"13":{"loc":{"start":{"line":207,"column":1},"end":{"line":234,"column":2}},"type":"if","locations":[{"start":{"line":207,"column":1},"end":{"line":234,"column":2}},{"start":{"line":229,"column":8},"end":{"line":234,"column":2}}],"line":207},"14":{"loc":{"start":{"line":249,"column":4},"end":{"line":298,"column":2}},"type":"if","locations":[{"start":{"line":249,"column":4},"end":{"line":298,"column":2}},{"start":{"line":293,"column":8},"end":{"line":298,"column":2}}],"line":249},"15":{"loc":{"start":{"line":251,"column":12},"end":{"line":259,"column":13}},"type":"if","locations":[{"start":{"line":251,"column":12},"end":{"line":259,"column":13}},{"start":{"line":256,"column":17},"end":{"line":259,"column":13}}],"line":251},"16":{"loc":{"start":{"line":260,"column":12},"end":{"line":265,"column":13}},"type":"if","locations":[{"start":{"line":260,"column":12},"end":{"line":265,"column":13}},{"start":{"line":263,"column":17},"end":{"line":265,"column":13}}],"line":260},"17":{"loc":{"start":{"line":263,"column":17},"end":{"line":265,"column":13}},"type":"if","locations":[{"start":{"line":263,"column":17},"end":{"line":265,"column":13}},{"start":{},"end":{}}],"line":263},"18":{"loc":{"start":{"line":267,"column":12},"end":{"line":272,"column":13}},"type":"if","locations":[{"start":{"line":267,"column":12},"end":{"line":272,"column":13}},{"start":{"line":270,"column":17},"end":{"line":272,"column":13}}],"line":267},"19":{"loc":{"start":{"line":378,"column":4},"end":{"line":385,"column":5}},"type":"if","locations":[{"start":{"line":378,"column":4},"end":{"line":385,"column":5}},{"start":{"line":382,"column":9},"end":{"line":385,"column":5}}],"line":378},"20":{"loc":{"start":{"line":386,"column":4},"end":{"line":391,"column":5}},"type":"if","locations":[{"start":{"line":386,"column":4},"end":{"line":391,"column":5}},{"start":{"line":389,"column":9},"end":{"line":391,"column":5}}],"line":386},"21":{"loc":{"start":{"line":392,"column":4},"end":{"line":397,"column":5}},"type":"if","locations":[{"start":{"line":392,"column":4},"end":{"line":397,"column":5}},{"start":{"line":395,"column":9},"end":{"line":397,"column":5}}],"line":392},"22":{"loc":{"start":{"line":404,"column":4},"end":{"line":409,"column":5}},"type":"if","locations":[{"start":{"line":404,"column":4},"end":{"line":409,"column":5}},{"start":{"line":407,"column":9},"end":{"line":409,"column":5}}],"line":404},"23":{"loc":{"start":{"line":448,"column":4},"end":{"line":503,"column":2}},"type":"if","locations":[{"start":{"line":448,"column":4},"end":{"line":503,"column":2}},{"start":{"line":498,"column":8},"end":{"line":503,"column":2}}],"line":448},"24":{"loc":{"start":{"line":450,"column":12},"end":{"line":459,"column":13}},"type":"if","locations":[{"start":{"line":450,"column":12},"end":{"line":459,"column":13}},{"start":{"line":455,"column":17},"end":{"line":459,"column":13}}],"line":450},"25":{"loc":{"start":{"line":460,"column":12},"end":{"line":465,"column":13}},"type":"if","locations":[{"start":{"line":460,"column":12},"end":{"line":465,"column":13}},{"start":{"line":463,"column":17},"end":{"line":465,"column":13}}],"line":460},"26":{"loc":{"start":{"line":463,"column":17},"end":{"line":465,"column":13}},"type":"if","locations":[{"start":{"line":463,"column":17},"end":{"line":465,"column":13}},{"start":{},"end":{}}],"line":463},"27":{"loc":{"start":{"line":467,"column":12},"end":{"line":472,"column":13}},"type":"if","locations":[{"start":{"line":467,"column":12},"end":{"line":472,"column":13}},{"start":{"line":470,"column":17},"end":{"line":472,"column":13}}],"line":467},"28":{"loc":{"start":{"line":510,"column":8},"end":{"line":510,"column":27}},"type":"if","locations":[{"start":{"line":510,"column":8},"end":{"line":510,"column":27}},{"start":{},"end":{}}],"line":510}},"s":{"0":1,"1":1,"2":1,"3":1,"4":1,"5":1,"6":1,"7":1,"8":1,"9":1,"10":1,"11":1,"12":1,"13":1,"14":1,"15":1,"16":1,"17":1,"18":1,"19":0,"20":1,"21":0,"22":0,"23":0,"24":0,"25":0,"26":1,"27":0,"28":0,"29":0,"30":0,"31":0,"32":0,"33":0,"34":0,"35":0,"36":0,"37":0,"38":0,"39":0,"40":0,"41":0,"42":0,"43":0,"44":0,"45":0,"46":0,"47":0,"48":1,"49":0,"50":0,"51":0,"52":0,"53":0,"54":0,"55":0,"56":0,"57":0,"58":0,"59":0,"60":0,"61":0,"62":0,"63":0,"64":0,"65":0,"66":0,"67":0,"68":0,"69":0,"70":0,"71":0,"72":0,"73":0,"74":1,"75":0,"76":0,"77":0,"78":0,"79":0,"80":0,"81":0,"82":1,"83":0,"84":0,"85":0,"86":0,"87":0,"88":0,"89":0,"90":0,"91":0,"92":0,"93":0,"94":1,"95":0,"96":0,"97":0,"98":0,"99":0,"100":0,"101":0,"102":0,"103":0,"104":0,"105":0,"106":0,"107":0,"108":0,"109":0,"110":0,"111":0,"112":0,"113":0,"114":0,"115":0,"116":1,"117":0,"118":0,"119":0,"120":0,"121":0,"122":0,"123":0,"124":0,"125":0,"126":0,"127":0,"128":0,"129":0,"130":0,"131":0,"132":0,"133":0,"134":0,"135":0,"136":0,"137":0,"138":0,"139":0,"140":0,"141":0,"142":0,"143":0,"144":0,"145":0,"146":0,"147":0,"148":0,"149":0,"150":0,"151":0,"152":0,"153":0,"154":0,"155":0,"156":0,"157":0,"158":0,"159":0,"160":0,"161":0,"162":0,"163":0,"164":0,"165":1,"166":6,"167":0,"168":6,"169":1,"170":1,"171":0,"172":0,"173":0,"174":0,"175":0,"176":0,"177":0,"178":0,"179":0,"180":0,"181":0,"182":0,"183":0,"184":0,"185":0,"186":0,"187":0,"188":0,"189":0,"190":0,"191":0,"192":0,"193":0,"194":0,"195":0,"196":0,"197":0,"198":0,"199":0,"200":0,"201":0,"202":0,"203":0,"204":0,"205":0,"206":0,"207":1,"208":0,"209":0,"210":0,"211":0,"212":0,"213":0,"214":0,"215":1,"216":0},"f":{"0":0,"1":0,"2":0,"3":0,"4":0,"5":0,"6":0,"7":0,"8":0,"9":0,"10":0,"11":0,"12":6,"13":0,"14":0,"15":0,"16":0},"b":{"0":[0,0],"1":[0,0],"2":[0,0],"3":[0,0],"4":[0,0],"5":[0,0],"6":[0,0],"7":[0,0],"8":[0,0],"9":[0,0],"10":[0,0],"11":[0,0],"12":[0,0],"13":[0,0],"14":[0,0],"15":[0,0],"16":[0,0],"17":[0,0],"18":[0,0],"19":[0,0],"20":[0,0],"21":[0,0],"22":[0,6],"23":[0,0],"24":[0,0],"25":[0,0],"26":[0,0],"27":[0,0],"28":[0,0]},"_coverageSchema":"1a1c01bbd47fc00a2c39e90264f33305004495a9","hash":"5459a337a1d524e511460e908e24b24c80f7ed93"}
}
