{"C:\\Users\\ech24\\Desktop\\School\\UH\\SPRING 2022\\COSC 4353\\HW\\project\\backend_express\\server.js": {"path":"C:\\Users\\ech24\\Desktop\\School\\UH\\SPRING 2022\\COSC 4353\\HW\\project\\backend_express\\server.js","statementMap":{"0":{"start":{"line":1,"column":14},"end":{"line":1,"column":31}},"1":{"start":{"line":2,"column":16},"end":{"line":2,"column":34}},"2":{"start":{"line":3,"column":16},"end":{"line":3,"column":42}},"3":{"start":{"line":4,"column":13},"end":{"line":4,"column":28}},"4":{"start":{"line":5,"column":13},"end":{"line":5,"column":28}},"5":{"start":{"line":6,"column":13},"end":{"line":6,"column":17}},"6":{"start":{"line":9,"column":11},"end":{"line":9,"column":24}},"7":{"start":{"line":10,"column":10},"end":{"line":10,"column":25}},"8":{"start":{"line":11,"column":27},"end":{"line":11,"column":44}},"9":{"start":{"line":12,"column":15},"end":{"line":12,"column":48}},"10":{"start":{"line":15,"column":19},"end":{"line":21,"column":2}},"11":{"start":{"line":23,"column":12},"end":{"line":23,"column":21}},"12":{"start":{"line":24,"column":0},"end":{"line":24,"column":16}},"13":{"start":{"line":26,"column":0},"end":{"line":31,"column":4}},"14":{"start":{"line":32,"column":0},"end":{"line":32,"column":24}},"15":{"start":{"line":33,"column":0},"end":{"line":33,"column":48}},"16":{"start":{"line":34,"column":0},"end":{"line":34,"column":56}},"17":{"start":{"line":43,"column":0},"end":{"line":46,"column":3}},"18":{"start":{"line":45,"column":4},"end":{"line":45,"column":38}},"19":{"start":{"line":48,"column":0},"end":{"line":55,"column":2}},"20":{"start":{"line":49,"column":19},"end":{"line":49,"column":43}},"21":{"start":{"line":50,"column":16},"end":{"line":50,"column":21}},"22":{"start":{"line":51,"column":4},"end":{"line":53,"column":5}},"23":{"start":{"line":52,"column":8},"end":{"line":52,"column":21}},"24":{"start":{"line":54,"column":4},"end":{"line":54,"column":36}},"25":{"start":{"line":57,"column":0},"end":{"line":97,"column":3}},"26":{"start":{"line":58,"column":16},"end":{"line":58,"column":37}},"27":{"start":{"line":59,"column":16},"end":{"line":59,"column":37}},"28":{"start":{"line":60,"column":21},"end":{"line":60,"column":26}},"29":{"start":{"line":62,"column":1},"end":{"line":96,"column":2}},"30":{"start":{"line":63,"column":2},"end":{"line":95,"column":5}},"31":{"start":{"line":64,"column":3},"end":{"line":64,"column":25}},"32":{"start":{"line":64,"column":13},"end":{"line":64,"column":25}},"33":{"start":{"line":66,"column":3},"end":{"line":93,"column":4}},"34":{"start":{"line":67,"column":4},"end":{"line":69,"column":19}},"35":{"start":{"line":70,"column":4},"end":{"line":70,"column":48}},"36":{"start":{"line":72,"column":17},"end":{"line":93,"column":4}},"37":{"start":{"line":73,"column":16},"end":{"line":75,"column":19}},"38":{"start":{"line":76,"column":4},"end":{"line":76,"column":60}},"39":{"start":{"line":79,"column":4},"end":{"line":92,"column":5}},"40":{"start":{"line":81,"column":5},"end":{"line":81,"column":132}},"41":{"start":{"line":82,"column":5},"end":{"line":82,"column":23}},"42":{"start":{"line":83,"column":20},"end":{"line":86,"column":23}},"43":{"start":{"line":87,"column":5},"end":{"line":87,"column":47}},"44":{"start":{"line":90,"column":5},"end":{"line":90,"column":22}},"45":{"start":{"line":91,"column":5},"end":{"line":91,"column":47}},"46":{"start":{"line":94,"column":3},"end":{"line":94,"column":18}},"47":{"start":{"line":99,"column":0},"end":{"line":160,"column":3}},"48":{"start":{"line":104,"column":16},"end":{"line":104,"column":37}},"49":{"start":{"line":105,"column":16},"end":{"line":105,"column":37}},"50":{"start":{"line":110,"column":1},"end":{"line":159,"column":2}},"51":{"start":{"line":111,"column":8},"end":{"line":111,"column":67}},"52":{"start":{"line":113,"column":2},"end":{"line":152,"column":5}},"53":{"start":{"line":115,"column":3},"end":{"line":115,"column":26}},"54":{"start":{"line":115,"column":14},"end":{"line":115,"column":26}},"55":{"start":{"line":117,"column":12},"end":{"line":122,"column":13}},"56":{"start":{"line":118,"column":16},"end":{"line":118,"column":68}},"57":{"start":{"line":119,"column":16},"end":{"line":121,"column":19}},"58":{"start":{"line":123,"column":3},"end":{"line":150,"column":4}},"59":{"start":{"line":126,"column":4},"end":{"line":126,"column":36}},"60":{"start":{"line":127,"column":4},"end":{"line":127,"column":40}},"61":{"start":{"line":128,"column":16},"end":{"line":128,"column":49}},"62":{"start":{"line":129,"column":16},"end":{"line":129,"column":40}},"63":{"start":{"line":131,"column":16},"end":{"line":136,"column":19}},"64":{"start":{"line":137,"column":16},"end":{"line":137,"column":55}},"65":{"start":{"line":138,"column":16},"end":{"line":138,"column":74}},"66":{"start":{"line":140,"column":16},"end":{"line":140,"column":31}},"67":{"start":{"line":146,"column":4},"end":{"line":148,"column":19}},"68":{"start":{"line":149,"column":4},"end":{"line":149,"column":65}},"69":{"start":{"line":151,"column":3},"end":{"line":151,"column":18}},"70":{"start":{"line":154,"column":2},"end":{"line":156,"column":11}},"71":{"start":{"line":157,"column":8},"end":{"line":157,"column":69}},"72":{"start":{"line":158,"column":2},"end":{"line":158,"column":17}},"73":{"start":{"line":162,"column":0},"end":{"line":175,"column":3}},"74":{"start":{"line":163,"column":4},"end":{"line":163,"column":37}},"75":{"start":{"line":164,"column":14},"end":{"line":164,"column":31}},"76":{"start":{"line":165,"column":16},"end":{"line":165,"column":40}},"77":{"start":{"line":166,"column":4},"end":{"line":166,"column":29}},"78":{"start":{"line":167,"column":4},"end":{"line":170,"column":6}},"79":{"start":{"line":171,"column":4},"end":{"line":171,"column":53}},"80":{"start":{"line":174,"column":4},"end":{"line":174,"column":19}},"81":{"start":{"line":177,"column":0},"end":{"line":195,"column":2}},"82":{"start":{"line":178,"column":19},"end":{"line":178,"column":43}},"83":{"start":{"line":179,"column":4},"end":{"line":194,"column":2}},"84":{"start":{"line":180,"column":8},"end":{"line":180,"column":84}},"85":{"start":{"line":181,"column":8},"end":{"line":188,"column":11}},"86":{"start":{"line":182,"column":12},"end":{"line":182,"column":31}},"87":{"start":{"line":182,"column":21},"end":{"line":182,"column":31}},"88":{"start":{"line":185,"column":12},"end":{"line":185,"column":30}},"89":{"start":{"line":186,"column":12},"end":{"line":186,"column":32}},"90":{"start":{"line":187,"column":12},"end":{"line":187,"column":30}},"91":{"start":{"line":190,"column":8},"end":{"line":192,"column":10}},"92":{"start":{"line":193,"column":2},"end":{"line":193,"column":49}},"93":{"start":{"line":197,"column":0},"end":{"line":242,"column":3}},"94":{"start":{"line":202,"column":19},"end":{"line":202,"column":43}},"95":{"start":{"line":203,"column":16},"end":{"line":203,"column":33}},"96":{"start":{"line":204,"column":15},"end":{"line":204,"column":35}},"97":{"start":{"line":205,"column":16},"end":{"line":205,"column":37}},"98":{"start":{"line":206,"column":12},"end":{"line":206,"column":29}},"99":{"start":{"line":207,"column":13},"end":{"line":207,"column":31}},"100":{"start":{"line":208,"column":15},"end":{"line":208,"column":35}},"101":{"start":{"line":210,"column":16},"end":{"line":210,"column":40}},"102":{"start":{"line":211,"column":20},"end":{"line":211,"column":25}},"103":{"start":{"line":213,"column":1},"end":{"line":240,"column":2}},"104":{"start":{"line":214,"column":2},"end":{"line":234,"column":3}},"105":{"start":{"line":215,"column":3},"end":{"line":220,"column":14}},"106":{"start":{"line":222,"column":12},"end":{"line":222,"column":29}},"107":{"start":{"line":224,"column":12},"end":{"line":228,"column":15}},"108":{"start":{"line":229,"column":3},"end":{"line":229,"column":37}},"109":{"start":{"line":232,"column":3},"end":{"line":232,"column":20}},"110":{"start":{"line":233,"column":3},"end":{"line":233,"column":45}},"111":{"start":{"line":236,"column":8},"end":{"line":238,"column":10}},"112":{"start":{"line":239,"column":2},"end":{"line":239,"column":49}},"113":{"start":{"line":241,"column":1},"end":{"line":241,"column":16}},"114":{"start":{"line":244,"column":0},"end":{"line":331,"column":2}},"115":{"start":{"line":246,"column":23},"end":{"line":246,"column":43}},"116":{"start":{"line":247,"column":21},"end":{"line":247,"column":24}},"117":{"start":{"line":251,"column":18},"end":{"line":251,"column":21}},"118":{"start":{"line":253,"column":16},"end":{"line":253,"column":40}},"119":{"start":{"line":254,"column":19},"end":{"line":254,"column":43}},"120":{"start":{"line":255,"column":20},"end":{"line":255,"column":25}},"121":{"start":{"line":257,"column":4},"end":{"line":329,"column":2}},"122":{"start":{"line":258,"column":2},"end":{"line":323,"column":3}},"123":{"start":{"line":259,"column":12},"end":{"line":318,"column":14}},"124":{"start":{"line":260,"column":16},"end":{"line":260,"column":35}},"125":{"start":{"line":260,"column":25},"end":{"line":260,"column":35}},"126":{"start":{"line":263,"column":16},"end":{"line":317,"column":17}},"127":{"start":{"line":264,"column":20},"end":{"line":266,"column":22}},"128":{"start":{"line":267,"column":20},"end":{"line":267,"column":67}},"129":{"start":{"line":268,"column":20},"end":{"line":268,"column":35}},"130":{"start":{"line":270,"column":20},"end":{"line":275,"column":21}},"131":{"start":{"line":271,"column":24},"end":{"line":271,"column":40}},"132":{"start":{"line":274,"column":24},"end":{"line":274,"column":37}},"133":{"start":{"line":282,"column":20},"end":{"line":287,"column":21}},"134":{"start":{"line":283,"column":24},"end":{"line":283,"column":39}},"135":{"start":{"line":286,"column":24},"end":{"line":286,"column":39}},"136":{"start":{"line":289,"column":20},"end":{"line":294,"column":21}},"137":{"start":{"line":290,"column":24},"end":{"line":290,"column":39}},"138":{"start":{"line":292,"column":25},"end":{"line":294,"column":21}},"139":{"start":{"line":293,"column":24},"end":{"line":293,"column":39}},"140":{"start":{"line":296,"column":33},"end":{"line":296,"column":89}},"141":{"start":{"line":297,"column":33},"end":{"line":297,"column":52}},"142":{"start":{"line":298,"column":36},"end":{"line":298,"column":70}},"143":{"start":{"line":307,"column":20},"end":{"line":307,"column":37}},"144":{"start":{"line":309,"column":20},"end":{"line":315,"column":23}},"145":{"start":{"line":316,"column":20},"end":{"line":316,"column":54}},"146":{"start":{"line":321,"column":3},"end":{"line":321,"column":20}},"147":{"start":{"line":322,"column":3},"end":{"line":322,"column":50}},"148":{"start":{"line":325,"column":8},"end":{"line":327,"column":10}},"149":{"start":{"line":328,"column":2},"end":{"line":328,"column":49}},"150":{"start":{"line":333,"column":0},"end":{"line":426,"column":2}},"151":{"start":{"line":334,"column":4},"end":{"line":334,"column":49}},"152":{"start":{"line":335,"column":23},"end":{"line":335,"column":43}},"153":{"start":{"line":336,"column":20},"end":{"line":336,"column":37}},"154":{"start":{"line":337,"column":21},"end":{"line":337,"column":24}},"155":{"start":{"line":341,"column":18},"end":{"line":341,"column":21}},"156":{"start":{"line":343,"column":16},"end":{"line":343,"column":40}},"157":{"start":{"line":344,"column":19},"end":{"line":344,"column":43}},"158":{"start":{"line":345,"column":20},"end":{"line":345,"column":25}},"159":{"start":{"line":347,"column":4},"end":{"line":424,"column":2}},"160":{"start":{"line":348,"column":2},"end":{"line":418,"column":3}},"161":{"start":{"line":349,"column":12},"end":{"line":413,"column":14}},"162":{"start":{"line":350,"column":16},"end":{"line":350,"column":35}},"163":{"start":{"line":350,"column":25},"end":{"line":350,"column":35}},"164":{"start":{"line":352,"column":16},"end":{"line":412,"column":17}},"165":{"start":{"line":353,"column":20},"end":{"line":355,"column":22}},"166":{"start":{"line":356,"column":20},"end":{"line":356,"column":118}},"167":{"start":{"line":357,"column":20},"end":{"line":357,"column":35}},"168":{"start":{"line":360,"column":20},"end":{"line":365,"column":21}},"169":{"start":{"line":361,"column":24},"end":{"line":361,"column":40}},"170":{"start":{"line":364,"column":24},"end":{"line":364,"column":37}},"171":{"start":{"line":372,"column":20},"end":{"line":377,"column":21}},"172":{"start":{"line":373,"column":24},"end":{"line":373,"column":39}},"173":{"start":{"line":376,"column":24},"end":{"line":376,"column":39}},"174":{"start":{"line":379,"column":20},"end":{"line":384,"column":21}},"175":{"start":{"line":380,"column":24},"end":{"line":380,"column":39}},"176":{"start":{"line":382,"column":25},"end":{"line":384,"column":21}},"177":{"start":{"line":383,"column":24},"end":{"line":383,"column":39}},"178":{"start":{"line":386,"column":33},"end":{"line":386,"column":89}},"179":{"start":{"line":387,"column":33},"end":{"line":387,"column":52}},"180":{"start":{"line":388,"column":36},"end":{"line":388,"column":70}},"181":{"start":{"line":397,"column":20},"end":{"line":401,"column":22}},"182":{"start":{"line":403,"column":20},"end":{"line":403,"column":37}},"183":{"start":{"line":405,"column":20},"end":{"line":410,"column":23}},"184":{"start":{"line":411,"column":20},"end":{"line":411,"column":57}},"185":{"start":{"line":416,"column":3},"end":{"line":416,"column":20}},"186":{"start":{"line":417,"column":3},"end":{"line":417,"column":53}},"187":{"start":{"line":420,"column":8},"end":{"line":422,"column":10}},"188":{"start":{"line":423,"column":2},"end":{"line":423,"column":49}},"189":{"start":{"line":428,"column":0},"end":{"line":443,"column":2}},"190":{"start":{"line":429,"column":19},"end":{"line":429,"column":43}},"191":{"start":{"line":430,"column":4},"end":{"line":435,"column":7}},"192":{"start":{"line":431,"column":8},"end":{"line":431,"column":27}},"193":{"start":{"line":431,"column":17},"end":{"line":431,"column":27}},"194":{"start":{"line":432,"column":8},"end":{"line":432,"column":43}},"195":{"start":{"line":433,"column":8},"end":{"line":433,"column":29}},"196":{"start":{"line":445,"column":0},"end":{"line":445,"column":21}}},"fnMap":{"0":{"name":"(anonymous_0)","decl":{"start":{"line":43,"column":13},"end":{"line":43,"column":14}},"loc":{"start":{"line":43,"column":41},"end":{"line":46,"column":1}},"line":43},"1":{"name":"(anonymous_1)","decl":{"start":{"line":48,"column":24},"end":{"line":48,"column":25}},"loc":{"start":{"line":48,"column":47},"end":{"line":55,"column":1}},"line":48},"2":{"name":"(anonymous_2)","decl":{"start":{"line":57,"column":22},"end":{"line":57,"column":23}},"loc":{"start":{"line":57,"column":49},"end":{"line":97,"column":1}},"line":57},"3":{"name":"(anonymous_3)","decl":{"start":{"line":63,"column":83},"end":{"line":63,"column":84}},"loc":{"start":{"line":63,"column":116},"end":{"line":95,"column":3}},"line":63},"4":{"name":"(anonymous_4)","decl":{"start":{"line":99,"column":18},"end":{"line":99,"column":19}},"loc":{"start":{"line":99,"column":46},"end":{"line":160,"column":1}},"line":99},"5":{"name":"(anonymous_5)","decl":{"start":{"line":113,"column":123},"end":{"line":113,"column":124}},"loc":{"start":{"line":113,"column":156},"end":{"line":152,"column":3}},"line":113},"6":{"name":"(anonymous_6)","decl":{"start":{"line":162,"column":20},"end":{"line":162,"column":21}},"loc":{"start":{"line":162,"column":54},"end":{"line":175,"column":1}},"line":162},"7":{"name":"(anonymous_7)","decl":{"start":{"line":177,"column":24},"end":{"line":177,"column":25}},"loc":{"start":{"line":177,"column":52},"end":{"line":195,"column":1}},"line":177},"8":{"name":"(anonymous_8)","decl":{"start":{"line":181,"column":209},"end":{"line":181,"column":210}},"loc":{"start":{"line":181,"column":227},"end":{"line":188,"column":9}},"line":181},"9":{"name":"(anonymous_9)","decl":{"start":{"line":197,"column":21},"end":{"line":197,"column":22}},"loc":{"start":{"line":197,"column":49},"end":{"line":242,"column":1}},"line":197},"10":{"name":"(anonymous_10)","decl":{"start":{"line":244,"column":31},"end":{"line":244,"column":32}},"loc":{"start":{"line":244,"column":54},"end":{"line":331,"column":1}},"line":244},"11":{"name":"(anonymous_11)","decl":{"start":{"line":259,"column":451},"end":{"line":259,"column":452}},"loc":{"start":{"line":259,"column":469},"end":{"line":318,"column":13}},"line":259},"12":{"name":"(anonymous_12)","decl":{"start":{"line":333,"column":29},"end":{"line":333,"column":30}},"loc":{"start":{"line":333,"column":52},"end":{"line":426,"column":1}},"line":333},"13":{"name":"(anonymous_13)","decl":{"start":{"line":349,"column":451},"end":{"line":349,"column":452}},"loc":{"start":{"line":349,"column":469},"end":{"line":413,"column":13}},"line":349},"14":{"name":"(anonymous_14)","decl":{"start":{"line":428,"column":26},"end":{"line":428,"column":27}},"loc":{"start":{"line":428,"column":49},"end":{"line":443,"column":1}},"line":428},"15":{"name":"(anonymous_15)","decl":{"start":{"line":430,"column":337},"end":{"line":430,"column":338}},"loc":{"start":{"line":430,"column":355},"end":{"line":435,"column":5}},"line":430}},"branchMap":{"0":{"loc":{"start":{"line":51,"column":4},"end":{"line":53,"column":5}},"type":"if","locations":[{"start":{"line":51,"column":4},"end":{"line":53,"column":5}},{"start":{},"end":{}}],"line":51},"1":{"loc":{"start":{"line":62,"column":1},"end":{"line":96,"column":2}},"type":"if","locations":[{"start":{"line":62,"column":1},"end":{"line":96,"column":2}},{"start":{},"end":{}}],"line":62},"2":{"loc":{"start":{"line":62,"column":4},"end":{"line":62,"column":24}},"type":"binary-expr","locations":[{"start":{"line":62,"column":4},"end":{"line":62,"column":12}},{"start":{"line":62,"column":16},"end":{"line":62,"column":24}}],"line":62},"3":{"loc":{"start":{"line":64,"column":3},"end":{"line":64,"column":25}},"type":"if","locations":[{"start":{"line":64,"column":3},"end":{"line":64,"column":25}},{"start":{},"end":{}}],"line":64},"4":{"loc":{"start":{"line":66,"column":3},"end":{"line":93,"column":4}},"type":"if","locations":[{"start":{"line":66,"column":3},"end":{"line":93,"column":4}},{"start":{"line":72,"column":17},"end":{"line":93,"column":4}}],"line":66},"5":{"loc":{"start":{"line":72,"column":17},"end":{"line":93,"column":4}},"type":"if","locations":[{"start":{"line":72,"column":17},"end":{"line":93,"column":4}},{"start":{"line":78,"column":17},"end":{"line":93,"column":4}}],"line":72},"6":{"loc":{"start":{"line":110,"column":1},"end":{"line":159,"column":2}},"type":"if","locations":[{"start":{"line":110,"column":1},"end":{"line":159,"column":2}},{"start":{"line":153,"column":8},"end":{"line":159,"column":2}}],"line":110},"7":{"loc":{"start":{"line":110,"column":5},"end":{"line":110,"column":25}},"type":"binary-expr","locations":[{"start":{"line":110,"column":5},"end":{"line":110,"column":13}},{"start":{"line":110,"column":17},"end":{"line":110,"column":25}}],"line":110},"8":{"loc":{"start":{"line":115,"column":3},"end":{"line":115,"column":26}},"type":"if","locations":[{"start":{"line":115,"column":3},"end":{"line":115,"column":26}},{"start":{},"end":{}}],"line":115},"9":{"loc":{"start":{"line":117,"column":12},"end":{"line":122,"column":13}},"type":"if","locations":[{"start":{"line":117,"column":12},"end":{"line":122,"column":13}},{"start":{},"end":{}}],"line":117},"10":{"loc":{"start":{"line":123,"column":3},"end":{"line":150,"column":4}},"type":"if","locations":[{"start":{"line":123,"column":3},"end":{"line":150,"column":4}},{"start":{"line":145,"column":17},"end":{"line":150,"column":4}}],"line":123},"11":{"loc":{"start":{"line":179,"column":4},"end":{"line":194,"column":2}},"type":"if","locations":[{"start":{"line":179,"column":4},"end":{"line":194,"column":2}},{"start":{"line":189,"column":11},"end":{"line":194,"column":2}}],"line":179},"12":{"loc":{"start":{"line":182,"column":12},"end":{"line":182,"column":31}},"type":"if","locations":[{"start":{"line":182,"column":12},"end":{"line":182,"column":31}},{"start":{},"end":{}}],"line":182},"13":{"loc":{"start":{"line":213,"column":1},"end":{"line":240,"column":2}},"type":"if","locations":[{"start":{"line":213,"column":1},"end":{"line":240,"column":2}},{"start":{"line":235,"column":8},"end":{"line":240,"column":2}}],"line":213},"14":{"loc":{"start":{"line":257,"column":4},"end":{"line":329,"column":2}},"type":"if","locations":[{"start":{"line":257,"column":4},"end":{"line":329,"column":2}},{"start":{"line":324,"column":8},"end":{"line":329,"column":2}}],"line":257},"15":{"loc":{"start":{"line":260,"column":16},"end":{"line":260,"column":35}},"type":"if","locations":[{"start":{"line":260,"column":16},"end":{"line":260,"column":35}},{"start":{},"end":{}}],"line":260},"16":{"loc":{"start":{"line":263,"column":16},"end":{"line":317,"column":17}},"type":"if","locations":[{"start":{"line":263,"column":16},"end":{"line":317,"column":17}},{"start":{"line":269,"column":23},"end":{"line":317,"column":17}}],"line":263},"17":{"loc":{"start":{"line":270,"column":20},"end":{"line":275,"column":21}},"type":"if","locations":[{"start":{"line":270,"column":20},"end":{"line":275,"column":21}},{"start":{"line":273,"column":25},"end":{"line":275,"column":21}}],"line":270},"18":{"loc":{"start":{"line":282,"column":20},"end":{"line":287,"column":21}},"type":"if","locations":[{"start":{"line":282,"column":20},"end":{"line":287,"column":21}},{"start":{"line":285,"column":25},"end":{"line":287,"column":21}}],"line":282},"19":{"loc":{"start":{"line":289,"column":20},"end":{"line":294,"column":21}},"type":"if","locations":[{"start":{"line":289,"column":20},"end":{"line":294,"column":21}},{"start":{"line":292,"column":25},"end":{"line":294,"column":21}}],"line":289},"20":{"loc":{"start":{"line":292,"column":25},"end":{"line":294,"column":21}},"type":"if","locations":[{"start":{"line":292,"column":25},"end":{"line":294,"column":21}},{"start":{},"end":{}}],"line":292},"21":{"loc":{"start":{"line":347,"column":4},"end":{"line":424,"column":2}},"type":"if","locations":[{"start":{"line":347,"column":4},"end":{"line":424,"column":2}},{"start":{"line":419,"column":8},"end":{"line":424,"column":2}}],"line":347},"22":{"loc":{"start":{"line":350,"column":16},"end":{"line":350,"column":35}},"type":"if","locations":[{"start":{"line":350,"column":16},"end":{"line":350,"column":35}},{"start":{},"end":{}}],"line":350},"23":{"loc":{"start":{"line":352,"column":16},"end":{"line":412,"column":17}},"type":"if","locations":[{"start":{"line":352,"column":16},"end":{"line":412,"column":17}},{"start":{"line":359,"column":21},"end":{"line":412,"column":17}}],"line":352},"24":{"loc":{"start":{"line":360,"column":20},"end":{"line":365,"column":21}},"type":"if","locations":[{"start":{"line":360,"column":20},"end":{"line":365,"column":21}},{"start":{"line":363,"column":25},"end":{"line":365,"column":21}}],"line":360},"25":{"loc":{"start":{"line":372,"column":20},"end":{"line":377,"column":21}},"type":"if","locations":[{"start":{"line":372,"column":20},"end":{"line":377,"column":21}},{"start":{"line":375,"column":25},"end":{"line":377,"column":21}}],"line":372},"26":{"loc":{"start":{"line":379,"column":20},"end":{"line":384,"column":21}},"type":"if","locations":[{"start":{"line":379,"column":20},"end":{"line":384,"column":21}},{"start":{"line":382,"column":25},"end":{"line":384,"column":21}}],"line":379},"27":{"loc":{"start":{"line":382,"column":25},"end":{"line":384,"column":21}},"type":"if","locations":[{"start":{"line":382,"column":25},"end":{"line":384,"column":21}},{"start":{},"end":{}}],"line":382},"28":{"loc":{"start":{"line":431,"column":8},"end":{"line":431,"column":27}},"type":"if","locations":[{"start":{"line":431,"column":8},"end":{"line":431,"column":27}},{"start":{},"end":{}}],"line":431}},"s":{"0":1,"1":1,"2":1,"3":1,"4":1,"5":1,"6":1,"7":1,"8":1,"9":1,"10":1,"11":1,"12":1,"13":1,"14":1,"15":1,"16":1,"17":1,"18":1,"19":1,"20":1,"21":1,"22":1,"23":0,"24":1,"25":1,"26":0,"27":0,"28":0,"29":0,"30":0,"31":0,"32":0,"33":0,"34":0,"35":0,"36":0,"37":0,"38":0,"39":0,"40":0,"41":0,"42":0,"43":0,"44":0,"45":0,"46":0,"47":1,"48":1,"49":1,"50":1,"51":0,"52":0,"53":0,"54":0,"55":0,"56":0,"57":0,"58":0,"59":0,"60":0,"61":0,"62":0,"63":0,"64":0,"65":0,"66":0,"67":0,"68":0,"69":0,"70":1,"71":1,"72":1,"73":1,"74":1,"75":1,"76":1,"77":1,"78":1,"79":1,"80":1,"81":1,"82":1,"83":1,"84":0,"85":0,"86":0,"87":0,"88":0,"89":0,"90":0,"91":1,"92":1,"93":1,"94":1,"95":1,"96":1,"97":1,"98":1,"99":1,"100":1,"101":1,"102":1,"103":1,"104":0,"105":0,"106":0,"107":0,"108":0,"109":0,"110":0,"111":1,"112":1,"113":1,"114":1,"115":1,"116":1,"117":1,"118":1,"119":1,"120":1,"121":1,"122":0,"123":0,"124":0,"125":0,"126":0,"127":0,"128":0,"129":0,"130":0,"131":0,"132":0,"133":0,"134":0,"135":0,"136":0,"137":0,"138":0,"139":0,"140":0,"141":0,"142":0,"143":0,"144":0,"145":0,"146":0,"147":0,"148":1,"149":1,"150":1,"151":1,"152":1,"153":1,"154":1,"155":1,"156":1,"157":1,"158":1,"159":1,"160":0,"161":0,"162":0,"163":0,"164":0,"165":0,"166":0,"167":0,"168":0,"169":0,"170":0,"171":0,"172":0,"173":0,"174":0,"175":0,"176":0,"177":0,"178":0,"179":0,"180":0,"181":0,"182":0,"183":0,"184":0,"185":0,"186":0,"187":1,"188":1,"189":1,"190":0,"191":0,"192":0,"193":0,"194":0,"195":0,"196":1},"f":{"0":1,"1":1,"2":0,"3":0,"4":1,"5":0,"6":1,"7":1,"8":0,"9":1,"10":1,"11":0,"12":1,"13":0,"14":0,"15":0},"b":{"0":[0,1],"1":[0,0],"2":[0,0],"3":[0,0],"4":[0,0],"5":[0,0],"6":[0,1],"7":[1,0],"8":[0,0],"9":[0,0],"10":[0,0],"11":[0,1],"12":[0,0],"13":[0,1],"14":[0,1],"15":[0,0],"16":[0,0],"17":[0,0],"18":[0,0],"19":[0,0],"20":[0,0],"21":[0,1],"22":[0,0],"23":[0,0],"24":[0,0],"25":[0,0],"26":[0,0],"27":[0,0],"28":[0,0]},"_coverageSchema":"1a1c01bbd47fc00a2c39e90264f33305004495a9","hash":"3cf296c53eb3351fb77b83fe0cb990f02f49822d"}
}
