TN:
SF:app.js
FN:13,express_app
FN:34,(anonymous_1)
FN:39,(anonymous_2)
FN:48,(anonymous_3)
FN:64,(anonymous_4)
FN:85,(anonymous_5)
FN:100,(anonymous_6)
FN:105,(anonymous_7)
FN:122,(anonymous_8)
FN:135,(anonymous_9)
FN:149,(anonymous_10)
FNF:11
FNH:11
FNDA:1,express_app
FNDA:1,(anonymous_1)
FNDA:1,(anonymous_2)
FNDA:2,(anonymous_3)
FNDA:2,(anonymous_4)
FNDA:1,(anonymous_5)
FNDA:2,(anonymous_6)
FNDA:1,(anonymous_7)
FNDA:1,(anonymous_8)
FNDA:1,(anonymous_9)
FNDA:1,(anonymous_10)
DA:1,1
DA:2,1
DA:3,1
DA:4,1
DA:7,1
DA:8,1
DA:9,1
DA:10,1
DA:14,1
DA:15,1
DA:17,1
DA:23,1
DA:24,1
DA:25,1
DA:34,1
DA:36,1
DA:39,1
DA:40,1
DA:41,1
DA:42,1
DA:43,0
DA:45,1
DA:48,1
DA:49,2
DA:50,2
DA:52,2
DA:53,1
DA:54,1
DA:56,1
DA:59,1
DA:60,1
DA:64,1
DA:69,2
DA:70,2
DA:73,2
DA:74,1
DA:75,1
DA:77,1
DA:80,1
DA:81,1
DA:85,1
DA:86,1
DA:87,1
DA:88,1
DA:89,1
DA:90,1
DA:94,1
DA:97,1
DA:100,1
DA:101,2
DA:102,2
DA:105,1
DA:111,1
DA:112,0
DA:114,1
DA:117,1
DA:119,1
DA:122,1
DA:124,1
DA:125,0
DA:127,1
DA:130,1
DA:135,1
DA:136,1
DA:138,1
DA:139,0
DA:141,1
DA:144,1
DA:149,1
DA:150,1
DA:153,1
DA:156,1
LF:72
LH:68
BRDA:42,0,0,0
BRDA:42,0,1,1
BRDA:52,1,0,1
BRDA:52,1,1,1
BRDA:52,2,0,2
BRDA:52,2,1,1
BRDA:73,3,0,1
BRDA:73,3,1,1
BRDA:73,4,0,2
BRDA:73,4,1,1
BRDA:111,5,0,0
BRDA:111,5,1,1
BRDA:124,6,0,0
BRDA:124,6,1,1
BRDA:138,7,0,0
BRDA:138,7,1,1
BRF:16
BRH:12
end_of_record
TN:
SF:database.js
FN:11,registerUser
FN:13,(anonymous_1)
FN:48,authUser
FN:53,(anonymous_3)
FN:95,getProfile
FN:98,(anonymous_5)
FN:114,updateProfile
FN:149,getPricingModuleCost
FN:162,(anonymous_8)
FN:229,generateFuelQuote
FN:243,(anonymous_10)
FN:315,getFuelQuoteHistory
FN:317,(anonymous_12)
FNF:13
FNH:5
FNDA:1,registerUser
FNDA:0,(anonymous_1)
FNDA:1,authUser
FNDA:0,(anonymous_3)
FNDA:2,getProfile
FNDA:0,(anonymous_5)
FNDA:0,updateProfile
FNDA:0,getPricingModuleCost
FNDA:0,(anonymous_8)
FNDA:0,generateFuelQuote
FNDA:0,(anonymous_10)
FNDA:1,getFuelQuoteHistory
FNDA:1,(anonymous_12)
DA:1,1
DA:3,1
DA:12,1
DA:13,1
DA:14,0
DA:16,0
DA:17,0
DA:20,0
DA:22,0
DA:23,0
DA:26,0
DA:29,0
DA:31,0
DA:32,0
DA:33,0
DA:37,0
DA:40,0
DA:41,0
DA:44,0
DA:53,1
DA:55,0
DA:57,0
DA:58,0
DA:59,0
DA:63,0
DA:66,0
DA:67,0
DA:68,0
DA:69,0
DA:71,0
DA:77,0
DA:78,0
DA:80,0
DA:86,0
DA:89,0
DA:91,0
DA:96,2
DA:97,1
DA:98,1
DA:99,0
DA:102,0
DA:103,0
DA:104,0
DA:107,1
DA:110,1
DA:115,0
DA:116,0
DA:117,0
DA:118,0
DA:119,0
DA:120,0
DA:121,0
DA:123,0
DA:124,0
DA:126,0
DA:127,0
DA:134,0
DA:136,0
DA:141,0
DA:144,0
DA:145,0
DA:150,0
DA:151,0
DA:155,0
DA:157,0
DA:158,0
DA:159,0
DA:161,0
DA:162,0
DA:163,0
DA:166,0
DA:167,0
DA:170,0
DA:171,0
DA:173,0
DA:174,0
DA:177,0
DA:185,0
DA:186,0
DA:189,0
DA:192,0
DA:193,0
DA:195,0
DA:196,0
DA:199,0
DA:200,0
DA:201,0
DA:210,0
DA:212,0
DA:219,0
DA:224,0
DA:225,0
DA:230,0
DA:231,0
DA:232,0
DA:236,0
DA:238,0
DA:239,0
DA:240,0
DA:242,0
DA:243,0
DA:244,0
DA:246,0
DA:247,0
DA:250,0
DA:251,0
DA:254,0
DA:255,0
DA:258,0
DA:266,0
DA:267,0
DA:270,0
DA:273,0
DA:274,0
DA:276,0
DA:277,0
DA:280,0
DA:281,0
DA:282,0
DA:291,0
DA:297,0
DA:299,0
DA:305,0
DA:310,0
DA:311,0
DA:316,1
DA:317,1
DA:318,1
DA:319,1
DA:320,1
DA:322,0
DA:323,0
DA:327,1
LF:133
LH:16
BRDA:14,0,0,0
BRDA:14,0,1,0
BRDA:16,1,0,0
BRDA:16,1,1,0
BRDA:22,2,0,0
BRDA:22,2,1,0
BRDA:55,3,0,0
BRDA:55,3,1,0
BRDA:57,4,0,0
BRDA:57,4,1,0
BRDA:63,5,0,0
BRDA:63,5,1,0
BRDA:96,6,0,1
BRDA:96,6,1,1
BRDA:96,7,0,2
BRDA:96,7,1,2
BRDA:99,8,0,0
BRDA:99,8,1,0
BRDA:163,9,0,0
BRDA:163,9,1,0
BRDA:166,10,0,0
BRDA:166,10,1,0
BRDA:173,11,0,0
BRDA:173,11,1,0
BRDA:185,12,0,0
BRDA:185,12,1,0
BRDA:192,13,0,0
BRDA:192,13,1,0
BRDA:195,14,0,0
BRDA:195,14,1,0
BRDA:244,15,0,0
BRDA:244,15,1,0
BRDA:246,16,0,0
BRDA:246,16,1,0
BRDA:254,17,0,0
BRDA:254,17,1,0
BRDA:266,18,0,0
BRDA:266,18,1,0
BRDA:273,19,0,0
BRDA:273,19,1,0
BRDA:276,20,0,0
BRDA:276,20,1,0
BRDA:318,21,0,1
BRDA:318,21,1,0
BRF:44
BRH:5
end_of_record
