TN:
SF:server.js
FN:43,(anonymous_0)
FN:48,(anonymous_1)
FN:57,(anonymous_2)
FN:63,(anonymous_3)
FN:105,(anonymous_4)
FN:119,(anonymous_5)
FN:168,(anonymous_6)
FN:183,(anonymous_7)
FN:187,(anonymous_8)
FN:203,(anonymous_9)
FN:250,(anonymous_10)
FN:265,(anonymous_11)
FN:339,(anonymous_12)
FN:355,(anonymous_13)
FN:434,(anonymous_14)
FN:436,(anonymous_15)
FNF:16
FNH:14
FNDA:1,(anonymous_0)
FNDA:1,(anonymous_1)
FNDA:2,(anonymous_2)
FNDA:1,(anonymous_3)
FNDA:2,(anonymous_4)
FNDA:1,(anonymous_5)
FNDA:1,(anonymous_6)
FNDA:2,(anonymous_7)
FNDA:1,(anonymous_8)
FNDA:1,(anonymous_9)
FNDA:1,(anonymous_10)
FNDA:0,(anonymous_11)
FNDA:1,(anonymous_12)
FNDA:0,(anonymous_13)
FNDA:1,(anonymous_14)
FNDA:1,(anonymous_15)
DA:1,1
DA:2,1
DA:3,1
DA:4,1
DA:5,1
DA:6,1
DA:9,1
DA:10,1
DA:11,1
DA:12,1
DA:15,1
DA:23,1
DA:24,1
DA:26,1
DA:32,1
DA:33,1
DA:34,1
DA:43,1
DA:45,1
DA:48,1
DA:49,1
DA:50,1
DA:51,1
DA:52,0
DA:54,1
DA:57,1
DA:58,2
DA:59,2
DA:60,2
DA:62,2
DA:63,1
DA:64,1
DA:66,0
DA:67,0
DA:70,0
DA:72,0
DA:73,0
DA:76,0
DA:79,0
DA:81,0
DA:82,0
DA:83,0
DA:87,0
DA:90,0
DA:91,0
DA:94,0
DA:97,1
DA:100,1
DA:101,1
DA:105,1
DA:110,2
DA:111,2
DA:116,2
DA:117,1
DA:119,1
DA:121,1
DA:123,0
DA:124,0
DA:125,0
DA:129,0
DA:132,0
DA:133,0
DA:134,0
DA:135,0
DA:137,0
DA:143,0
DA:144,0
DA:146,0
DA:152,0
DA:155,0
DA:157,0
DA:160,1
DA:163,1
DA:164,1
DA:168,1
DA:169,1
DA:170,1
DA:171,1
DA:172,1
DA:173,1
DA:177,1
DA:180,1
DA:183,1
DA:184,2
DA:185,2
DA:186,1
DA:187,1
DA:188,1
DA:191,0
DA:192,0
DA:193,0
DA:196,1
DA:199,1
DA:203,1
DA:208,1
DA:209,1
DA:210,1
DA:211,1
DA:212,1
DA:213,1
DA:214,1
DA:216,1
DA:217,1
DA:219,1
DA:220,0
DA:221,0
DA:228,0
DA:230,0
DA:235,0
DA:238,0
DA:239,0
DA:242,1
DA:245,1
DA:247,1
DA:250,1
DA:252,1
DA:253,1
DA:257,1
DA:259,1
DA:260,1
DA:261,1
DA:263,1
DA:264,0
DA:265,0
DA:266,0
DA:269,0
DA:270,0
DA:273,0
DA:274,0
DA:276,0
DA:277,0
DA:280,0
DA:288,0
DA:289,0
DA:292,0
DA:295,0
DA:296,0
DA:298,0
DA:299,0
DA:302,0
DA:303,0
DA:304,0
DA:313,0
DA:315,0
DA:322,0
DA:327,0
DA:328,0
DA:331,1
DA:334,1
DA:339,1
DA:340,1
DA:341,1
DA:342,1
DA:343,1
DA:347,1
DA:349,1
DA:350,1
DA:351,1
DA:353,1
DA:354,0
DA:355,0
DA:356,0
DA:358,0
DA:359,0
DA:362,0
DA:363,0
DA:366,0
DA:367,0
DA:370,0
DA:378,0
DA:379,0
DA:382,0
DA:385,0
DA:386,0
DA:388,0
DA:389,0
DA:392,0
DA:393,0
DA:394,0
DA:403,0
DA:409,0
DA:411,0
DA:417,0
DA:422,0
DA:423,0
DA:426,1
DA:429,1
DA:434,1
DA:435,1
DA:436,1
DA:437,1
DA:438,1
DA:439,1
DA:441,0
DA:442,0
DA:454,1
DA:455,1
LF:197
LH:104
BRDA:51,0,0,0
BRDA:51,0,1,1
BRDA:62,1,0,1
BRDA:62,1,1,1
BRDA:62,2,0,2
BRDA:62,2,1,1
BRDA:64,3,0,1
BRDA:64,3,1,0
BRDA:66,4,0,0
BRDA:66,4,1,0
BRDA:72,5,0,0
BRDA:72,5,1,0
BRDA:116,6,0,1
BRDA:116,6,1,1
BRDA:116,7,0,2
BRDA:116,7,1,1
BRDA:121,8,0,1
BRDA:121,8,1,0
BRDA:123,9,0,0
BRDA:123,9,1,0
BRDA:129,10,0,0
BRDA:129,10,1,0
BRDA:185,11,0,1
BRDA:185,11,1,1
BRDA:185,12,0,2
BRDA:185,12,1,2
BRDA:188,13,0,1
BRDA:188,13,1,0
BRDA:219,14,0,0
BRDA:219,14,1,1
BRDA:263,15,0,0
BRDA:263,15,1,1
BRDA:266,16,0,0
BRDA:266,16,1,0
BRDA:269,17,0,0
BRDA:269,17,1,0
BRDA:276,18,0,0
BRDA:276,18,1,0
BRDA:288,19,0,0
BRDA:288,19,1,0
BRDA:295,20,0,0
BRDA:295,20,1,0
BRDA:298,21,0,0
BRDA:298,21,1,0
BRDA:353,22,0,0
BRDA:353,22,1,1
BRDA:356,23,0,0
BRDA:356,23,1,0
BRDA:358,24,0,0
BRDA:358,24,1,0
BRDA:366,25,0,0
BRDA:366,25,1,0
BRDA:378,26,0,0
BRDA:378,26,1,0
BRDA:385,27,0,0
BRDA:385,27,1,0
BRDA:388,28,0,0
BRDA:388,28,1,0
BRDA:437,29,0,1
BRDA:437,29,1,0
BRF:60
BRH:20
end_of_record
